<?xml version="1.0" encoding="UTF-8"?>
<testsuite name="org.springframework.context.support.ClassPathXmlApplicationContextTests" tests="20" skipped="0" failures="0" errors="0" timestamp="2021-01-22T01:38:32" hostname="SUPERMAN" time="4.062">
  <properties/>
  <testcase name="testSingleConfigLocationWithClass()" classname="org.springframework.context.support.ClassPathXmlApplicationContextTests" time="0.016"/>
  <testcase name="testAliasWithPlaceholder()" classname="org.springframework.context.support.ClassPathXmlApplicationContextTests" time="1.278"/>
  <testcase name="testContextWithInvalidValueType()" classname="org.springframework.context.support.ClassPathXmlApplicationContextTests" time="0.022"/>
  <testcase name="testResourceAndInputStream()" classname="org.springframework.context.support.ClassPathXmlApplicationContextTests" time="0.044"/>
  <testcase name="testContextWithInvalidLazyClass()" classname="org.springframework.context.support.ClassPathXmlApplicationContextTests" time="0.019"/>
  <testcase name="testMessageSourceAware()" classname="org.springframework.context.support.ClassPathXmlApplicationContextTests" time="0.295"/>
  <testcase name="testContextWithClassNameThatContainsPlaceholder()" classname="org.springframework.context.support.ClassPathXmlApplicationContextTests" time="0.015"/>
  <testcase name="testGenericApplicationContextWithXmlBeanDefinitionsAndClassLoaderNull()" classname="org.springframework.context.support.ClassPathXmlApplicationContextTests" time="0.209"/>
  <testcase name="testAliasThatOverridesParent()" classname="org.springframework.context.support.ClassPathXmlApplicationContextTests" time="0.022"/>
  <testcase name="testChildWithProxy()" classname="org.springframework.context.support.ClassPathXmlApplicationContextTests" time="0.22"/>
  <testcase name="testSingleConfigLocation()" classname="org.springframework.context.support.ClassPathXmlApplicationContextTests" time="0.008"/>
  <testcase name="testResourceArrayPropertyEditor()" classname="org.springframework.context.support.ClassPathXmlApplicationContextTests" time="0.214"/>
  <testcase name="testGenericApplicationContextWithXmlBeanDefinitionsAndSpecifiedId()" classname="org.springframework.context.support.ClassPathXmlApplicationContextTests" time="0.201"/>
  <testcase name="testFactoryBeanAndApplicationListener()" classname="org.springframework.context.support.ClassPathXmlApplicationContextTests" time="0.195"/>
  <testcase name="testMultipleConfigLocationsWithClass()" classname="org.springframework.context.support.ClassPathXmlApplicationContextTests" time="0.18"/>
  <testcase name="testMultipleConfigLocations()" classname="org.springframework.context.support.ClassPathXmlApplicationContextTests" time="0.611"/>
  <testcase name="testAliasForParentContext()" classname="org.springframework.context.support.ClassPathXmlApplicationContextTests" time="0.017"/>
  <testcase name="testGenericApplicationContextWithXmlBeanDefinitions()" classname="org.springframework.context.support.ClassPathXmlApplicationContextTests" time="0.253"/>
  <testcase name="testAliasThatOverridesEarlierBean()" classname="org.springframework.context.support.ClassPathXmlApplicationContextTests" time="0.019"/>
  <testcase name="testConfigLocationPattern()" classname="org.springframework.context.support.ClassPathXmlApplicationContextTests" time="0.221"/>
  <system-out><![CDATA[09:38:33.831 [Test worker] WARN  o.s.c.s.ClassPathXmlApplicationContext - Exception encountered during context initialization - cancelling refresh attempt: org.springframework.beans.factory.BeanCreationException: Error creating bean with name 'someMessageSource' defined in class path resource [org/springframework/context/support/invalidValueType.xml]: Initialization of bean failed; nested exception is org.springframework.beans.TypeMismatchException: Failed to convert property value of type 'java.lang.String' to required type 'boolean' for property 'useCodeAsDefaultMessage'; nested exception is java.lang.IllegalArgumentException: Invalid boolean value [xxx]
]]></system-out>
  <system-err><![CDATA[]]></system-err>
</testsuite>
